<?xml version="1.0" encoding="UTF-8"?>
<!-- Generated by org.testng.reporters.JUnitReportReporter -->
<testsuite skipped="0" hostname="RINMAC770" name="TestCases.RegistrationPageTestCase" tests="1" failures="0" timestamp="04 Jul 2021 06:57:00 GMT" time="6.843" errors="0">
  <testcase name="registrationPageTestCases" time="6.843" classname="TestCases.RegistrationPageTestCase"/>
</testsuite> <!-- TestCases.RegistrationPageTestCase -->
