<?xml version="1.0" encoding="UTF-8"?>
<!-- Generated by org.testng.reporters.JUnitReportReporter -->
<testsuite skipped="0" hostname="RINMAC770" name="TestCases.AddToCartTestcases" tests="1" failures="0" timestamp="03 Jul 2021 13:29:01 GMT" time="4.568" errors="0">
  <testcase name="SearchProduct" time="4.568" classname="TestCases.AddToCartTestcases"/>
</testsuite> <!-- TestCases.AddToCartTestcases -->
